g:\onedrive\documenten\visual studio 2017\projects\air engine\air engine\debug\vc141.pdb
g:\onedrive\documenten\visual studio 2017\projects\air engine\air engine\debug\vc141.idb
g:\onedrive\documenten\visual studio 2017\projects\air engine\air engine\debug\glad.nativecodeanalysis.xml
g:\onedrive\documenten\visual studio 2017\projects\air engine\air engine\debug\glad.obj
g:\onedrive\documenten\visual studio 2017\projects\air engine\air engine\debug\buffer.nativecodeanalysis.xml
g:\onedrive\documenten\visual studio 2017\projects\air engine\air engine\debug\bufferobject.nativecodeanalysis.xml
g:\onedrive\documenten\visual studio 2017\projects\air engine\air engine\debug\renderbuffer.nativecodeanalysis.xml
g:\onedrive\documenten\visual studio 2017\projects\air engine\air engine\debug\vertexarray.nativecodeanalysis.xml
g:\onedrive\documenten\visual studio 2017\projects\air engine\air engine\debug\simplerenderer.nativecodeanalysis.xml
g:\onedrive\documenten\visual studio 2017\projects\air engine\air engine\debug\texture.nativecodeanalysis.xml
g:\onedrive\documenten\visual studio 2017\projects\air engine\air engine\debug\window.nativecodeanalysis.xml
g:\onedrive\documenten\visual studio 2017\projects\air engine\air engine\debug\file.nativecodeanalysis.xml
g:\onedrive\documenten\visual studio 2017\projects\air engine\air engine\debug\inputhandler.nativecodeanalysis.xml
g:\onedrive\documenten\visual studio 2017\projects\air engine\air engine\debug\vector2f.nativecodeanalysis.xml
g:\onedrive\documenten\visual studio 2017\projects\air engine\air engine\debug\vector3f.nativecodeanalysis.xml
g:\onedrive\documenten\visual studio 2017\projects\air engine\air engine\debug\vector3f.obj
g:\onedrive\documenten\visual studio 2017\projects\air engine\air engine\debug\vector2f.obj
g:\onedrive\documenten\visual studio 2017\projects\air engine\air engine\debug\inputhandler.obj
g:\onedrive\documenten\visual studio 2017\projects\air engine\air engine\debug\file.obj
g:\onedrive\documenten\visual studio 2017\projects\air engine\air engine\debug\window.obj
g:\onedrive\documenten\visual studio 2017\projects\air engine\air engine\debug\texture.obj
g:\onedrive\documenten\visual studio 2017\projects\air engine\air engine\debug\simplerenderer.obj
g:\onedrive\documenten\visual studio 2017\projects\air engine\air engine\debug\vertexarray.obj
g:\onedrive\documenten\visual studio 2017\projects\air engine\air engine\debug\renderbuffer.obj
g:\onedrive\documenten\visual studio 2017\projects\air engine\air engine\debug\bufferobject.obj
g:\onedrive\documenten\visual studio 2017\projects\air engine\air engine\debug\buffer.obj
g:\onedrive\documenten\visual studio 2017\projects\air engine\air engine\debug\main.obj
g:\onedrive\documenten\visual studio 2017\projects\air engine\air engine\debug\framebuffer.obj
g:\onedrive\documenten\visual studio 2017\projects\air engine\air engine\debug\mesh.obj
g:\onedrive\documenten\visual studio 2017\projects\air engine\air engine\debug\model.obj
g:\onedrive\documenten\visual studio 2017\projects\air engine\air engine\debug\shader.obj
g:\onedrive\documenten\visual studio 2017\projects\air engine\air engine\debug\matrix4f.obj
g:\onedrive\documenten\visual studio 2017\projects\air engine\air engine\debug\vector4f.obj
g:\onedrive\documenten\visual studio 2017\projects\air engine\debug\air engine.ilk
g:\onedrive\documenten\visual studio 2017\projects\air engine\debug\air engine.exe
g:\onedrive\documenten\visual studio 2017\projects\air engine\debug\air engine.pdb
g:\onedrive\documenten\visual studio 2017\projects\air engine\air engine\debug\main.obj.enc
g:\onedrive\documenten\visual studio 2017\projects\air engine\air engine\debug\air engine.tlog\cl.command.1.tlog
g:\onedrive\documenten\visual studio 2017\projects\air engine\air engine\debug\air engine.tlog\cl.read.1.tlog
g:\onedrive\documenten\visual studio 2017\projects\air engine\air engine\debug\air engine.tlog\cl.write.1.tlog
g:\onedrive\documenten\visual studio 2017\projects\air engine\air engine\debug\air engine.tlog\link.command.1.tlog
g:\onedrive\documenten\visual studio 2017\projects\air engine\air engine\debug\air engine.tlog\link.read.1.tlog
g:\onedrive\documenten\visual studio 2017\projects\air engine\air engine\debug\air engine.tlog\link.write.1.tlog
