  glad.c
g:\onedrive\documenten\visual studio 2017\projects\air engine\dependencies\glad\src\glad.c(737): warning C4090: 'function': different 'const' qualifiers
  Vector4f.cpp
  Vector3f.cpp
  Vector2f.cpp
  Matrix4f.cpp
  Main.cpp
  InputHandler.cpp
  File.cpp
  Window.cpp
  Texture.cpp
  Shader.cpp
  SimpleRenderer.cpp
  Model.cpp
  Mesh.cpp
  VertexArray.cpp
  RenderBuffer.cpp
  FrameBuffer.cpp
g:\onedrive\documenten\visual studio 2017\projects\air engine\air engine\src\buffers\framebuffer.cpp(52): warning C4244: 'argument': conversion from 'fl32' to 'GLint', possible loss of data
  BufferObject.cpp
  Buffer.cpp
  Generating Code...
LINK : warning LNK4098: defaultlib 'MSVCRT' conflicts with use of other libs; use /NODEFAULTLIB:library
  Air Engine.vcxproj -> G:\Onedrive\Documenten\Visual Studio 2017\Projects\Air Engine\Debug\Air Engine.exe
  Air Engine.vcxproj -> G:\Onedrive\Documenten\Visual Studio 2017\Projects\Air Engine\Debug\Air Engine.pdb (Partial PDB)
