g:\onedrive\documenten\visual studio 2017\projects\air engine\dependencies\assimp\bin\tools\assimp_cmd\assimp_cmd.dir\debug\writedumb.obj
g:\onedrive\documenten\visual studio 2017\projects\air engine\dependencies\assimp\bin\tools\assimp_cmd\assimp_cmd.dir\debug\main.obj
g:\onedrive\documenten\visual studio 2017\projects\air engine\dependencies\assimp\bin\tools\assimp_cmd\assimp_cmd.dir\debug\info.obj
g:\onedrive\documenten\visual studio 2017\projects\air engine\dependencies\assimp\bin\tools\assimp_cmd\assimp_cmd.dir\debug\comparedump.obj
g:\onedrive\documenten\visual studio 2017\projects\air engine\dependencies\assimp\bin\tools\assimp_cmd\assimp_cmd.dir\debug\imageextractor.obj
g:\onedrive\documenten\visual studio 2017\projects\air engine\dependencies\assimp\bin\tools\assimp_cmd\assimp_cmd.dir\debug\export.obj
g:\onedrive\documenten\visual studio 2017\projects\air engine\dependencies\assimp\bin\tools\assimp_cmd\assimp_cmd.dir\debug\vc141.pdb
g:\onedrive\documenten\visual studio 2017\projects\air engine\dependencies\assimp\bin\tools\assimp_cmd\cmakefiles\generate.stamp
g:\onedrive\documenten\visual studio 2017\projects\air engine\dependencies\assimp\bin\tools\assimp_cmd\debug\assimp.ilk
g:\onedrive\documenten\visual studio 2017\projects\air engine\dependencies\assimp\bin\tools\assimp_cmd\debug\assimp.exe
g:\onedrive\documenten\visual studio 2017\projects\air engine\dependencies\assimp\bin\tools\assimp_cmd\debug\assimp.pdb
g:\onedrive\documenten\visual studio 2017\projects\air engine\dependencies\assimp\bin\tools\assimp_cmd\assimp_cmd.dir\debug\assimp_cmd.res
g:\onedrive\documenten\visual studio 2017\projects\air engine\dependencies\assimp\bin\tools\assimp_cmd\assimp_cmd.dir\debug\assimp_cmd.tlog\cl.command.1.tlog
g:\onedrive\documenten\visual studio 2017\projects\air engine\dependencies\assimp\bin\tools\assimp_cmd\assimp_cmd.dir\debug\assimp_cmd.tlog\cl.read.1.tlog
g:\onedrive\documenten\visual studio 2017\projects\air engine\dependencies\assimp\bin\tools\assimp_cmd\assimp_cmd.dir\debug\assimp_cmd.tlog\cl.write.1.tlog
g:\onedrive\documenten\visual studio 2017\projects\air engine\dependencies\assimp\bin\tools\assimp_cmd\assimp_cmd.dir\debug\assimp_cmd.tlog\custombuild.command.1.tlog
g:\onedrive\documenten\visual studio 2017\projects\air engine\dependencies\assimp\bin\tools\assimp_cmd\assimp_cmd.dir\debug\assimp_cmd.tlog\custombuild.read.1.tlog
g:\onedrive\documenten\visual studio 2017\projects\air engine\dependencies\assimp\bin\tools\assimp_cmd\assimp_cmd.dir\debug\assimp_cmd.tlog\custombuild.write.1.tlog
g:\onedrive\documenten\visual studio 2017\projects\air engine\dependencies\assimp\bin\tools\assimp_cmd\assimp_cmd.dir\debug\assimp_cmd.tlog\link.command.1.tlog
g:\onedrive\documenten\visual studio 2017\projects\air engine\dependencies\assimp\bin\tools\assimp_cmd\assimp_cmd.dir\debug\assimp_cmd.tlog\link.read.1.tlog
g:\onedrive\documenten\visual studio 2017\projects\air engine\dependencies\assimp\bin\tools\assimp_cmd\assimp_cmd.dir\debug\assimp_cmd.tlog\link.write.1.tlog
g:\onedrive\documenten\visual studio 2017\projects\air engine\dependencies\assimp\bin\tools\assimp_cmd\assimp_cmd.dir\debug\assimp_cmd.tlog\rc.command.1.tlog
g:\onedrive\documenten\visual studio 2017\projects\air engine\dependencies\assimp\bin\tools\assimp_cmd\assimp_cmd.dir\debug\assimp_cmd.tlog\rc.read.1.tlog
g:\onedrive\documenten\visual studio 2017\projects\air engine\dependencies\assimp\bin\tools\assimp_cmd\assimp_cmd.dir\debug\assimp_cmd.tlog\rc.write.1.tlog
