g:\onedrive\documenten\visual studio 2017\projects\air engine\dependencies\assimp\bin\contrib\zlib\zlibstatic.dir\release\crc32.obj
g:\onedrive\documenten\visual studio 2017\projects\air engine\dependencies\assimp\bin\contrib\zlib\zlibstatic.dir\release\gzread.obj
g:\onedrive\documenten\visual studio 2017\projects\air engine\dependencies\assimp\bin\contrib\zlib\zlibstatic.dir\release\inffast.obj
g:\onedrive\documenten\visual studio 2017\projects\air engine\dependencies\assimp\bin\contrib\zlib\zlibstatic.dir\release\adler32.obj
g:\onedrive\documenten\visual studio 2017\projects\air engine\dependencies\assimp\bin\contrib\zlib\zlibstatic.dir\release\gzlib.obj
g:\onedrive\documenten\visual studio 2017\projects\air engine\dependencies\assimp\bin\contrib\zlib\zlibstatic.dir\release\inflate.obj
g:\onedrive\documenten\visual studio 2017\projects\air engine\dependencies\assimp\bin\contrib\zlib\zlibstatic.dir\release\uncompr.obj
g:\onedrive\documenten\visual studio 2017\projects\air engine\dependencies\assimp\bin\contrib\zlib\zlibstatic.dir\release\compress.obj
g:\onedrive\documenten\visual studio 2017\projects\air engine\dependencies\assimp\bin\contrib\zlib\zlibstatic.dir\release\gzclose.obj
g:\onedrive\documenten\visual studio 2017\projects\air engine\dependencies\assimp\bin\contrib\zlib\zlibstatic.dir\release\infback.obj
g:\onedrive\documenten\visual studio 2017\projects\air engine\dependencies\assimp\bin\contrib\zlib\zlibstatic.dir\release\trees.obj
g:\onedrive\documenten\visual studio 2017\projects\air engine\dependencies\assimp\bin\contrib\zlib\zlibstatic.dir\release\zutil.obj
g:\onedrive\documenten\visual studio 2017\projects\air engine\dependencies\assimp\bin\contrib\zlib\zlibstatic.dir\release\deflate.obj
g:\onedrive\documenten\visual studio 2017\projects\air engine\dependencies\assimp\bin\contrib\zlib\zlibstatic.dir\release\gzwrite.obj
g:\onedrive\documenten\visual studio 2017\projects\air engine\dependencies\assimp\bin\contrib\zlib\zlibstatic.dir\release\inftrees.obj
g:\onedrive\documenten\visual studio 2017\projects\air engine\dependencies\assimp\bin\contrib\zlib\cmakefiles\generate.stamp
g:\onedrive\documenten\visual studio 2017\projects\air engine\dependencies\assimp\bin\contrib\zlib\release\zlibstatic.lib
g:\onedrive\documenten\visual studio 2017\projects\air engine\dependencies\assimp\bin\contrib\zlib\zlibstatic.dir\release\zlibstatic.tlog\cl.command.1.tlog
g:\onedrive\documenten\visual studio 2017\projects\air engine\dependencies\assimp\bin\contrib\zlib\zlibstatic.dir\release\zlibstatic.tlog\cl.read.1.tlog
g:\onedrive\documenten\visual studio 2017\projects\air engine\dependencies\assimp\bin\contrib\zlib\zlibstatic.dir\release\zlibstatic.tlog\cl.write.1.tlog
g:\onedrive\documenten\visual studio 2017\projects\air engine\dependencies\assimp\bin\contrib\zlib\zlibstatic.dir\release\zlibstatic.tlog\custombuild.command.1.tlog
g:\onedrive\documenten\visual studio 2017\projects\air engine\dependencies\assimp\bin\contrib\zlib\zlibstatic.dir\release\zlibstatic.tlog\custombuild.read.1.tlog
g:\onedrive\documenten\visual studio 2017\projects\air engine\dependencies\assimp\bin\contrib\zlib\zlibstatic.dir\release\zlibstatic.tlog\custombuild.write.1.tlog
g:\onedrive\documenten\visual studio 2017\projects\air engine\dependencies\assimp\bin\contrib\zlib\zlibstatic.dir\release\zlibstatic.tlog\lib-link.read.1.tlog
g:\onedrive\documenten\visual studio 2017\projects\air engine\dependencies\assimp\bin\contrib\zlib\zlibstatic.dir\release\zlibstatic.tlog\lib-link.write.1.tlog
g:\onedrive\documenten\visual studio 2017\projects\air engine\dependencies\assimp\bin\contrib\zlib\zlibstatic.dir\release\zlibstatic.tlog\lib.command.1.tlog
