g:\onedrive\documenten\visual studio 2017\projects\air engine\dependencies\assimp\bin\code\release\assimp-vc140-mt.lib
g:\onedrive\documenten\visual studio 2017\projects\air engine\dependencies\assimp\bin\code\release\assimp-vc140-mt.exp
g:\onedrive\documenten\visual studio 2017\projects\air engine\dependencies\assimp\bin\code\assimp.dir\release\poststepregistry.obj
g:\onedrive\documenten\visual studio 2017\projects\air engine\dependencies\assimp\bin\code\assimp.dir\release\defaultiostream.obj
g:\onedrive\documenten\visual studio 2017\projects\air engine\dependencies\assimp\bin\code\assimp.dir\release\sgspatialsort.obj
g:\onedrive\documenten\visual studio 2017\projects\air engine\dependencies\assimp\bin\code\assimp.dir\release\spatialsort.obj
g:\onedrive\documenten\visual studio 2017\projects\air engine\dependencies\assimp\bin\code\assimp.dir\release\splitbybonecountprocess.obj
g:\onedrive\documenten\visual studio 2017\projects\air engine\dependencies\assimp\bin\code\assimp.dir\release\defaultlogger.obj
g:\onedrive\documenten\visual studio 2017\projects\air engine\dependencies\assimp\bin\code\assimp.dir\release\computeuvmappingprocess.obj
g:\onedrive\documenten\visual studio 2017\projects\air engine\dependencies\assimp\bin\code\assimp.dir\release\findinvaliddataprocess.obj
g:\onedrive\documenten\visual studio 2017\projects\air engine\dependencies\assimp\bin\code\assimp.dir\release\improvecachelocality.obj
g:\onedrive\documenten\visual studio 2017\projects\air engine\dependencies\assimp\bin\code\assimp.dir\release\removeredundantmaterials.obj
g:\onedrive\documenten\visual studio 2017\projects\air engine\dependencies\assimp\bin\code\assimp.dir\release\splitlargemeshes.obj
g:\onedrive\documenten\visual studio 2017\projects\air engine\dependencies\assimp\bin\code\assimp.dir\release\optimizegraph.obj
g:\onedrive\documenten\visual studio 2017\projects\air engine\dependencies\assimp\bin\code\assimp.dir\release\materialsystem.obj
g:\onedrive\documenten\visual studio 2017\projects\air engine\dependencies\assimp\bin\code\assimp.dir\release\3dsloader.obj
g:\onedrive\documenten\visual studio 2017\projects\air engine\dependencies\assimp\bin\code\assimp.dir\release\aseparser.obj
g:\onedrive\documenten\visual studio 2017\projects\air engine\dependencies\assimp\bin\code\assimp.dir\release\b3dimporter.obj
g:\onedrive\documenten\visual studio 2017\projects\air engine\dependencies\assimp\bin\code\assimp.dir\release\dxfloader.obj
g:\onedrive\documenten\visual studio 2017\projects\air engine\dependencies\assimp\bin\code\assimp.dir\release\csmloader.obj
g:\onedrive\documenten\visual studio 2017\projects\air engine\dependencies\assimp\bin\code\assimp.dir\release\irrloader.obj
g:\onedrive\documenten\visual studio 2017\projects\air engine\dependencies\assimp\bin\code\assimp.dir\release\md2loader.obj
g:\onedrive\documenten\visual studio 2017\projects\air engine\dependencies\assimp\bin\code\assimp.dir\release\md3loader.obj
g:\onedrive\documenten\visual studio 2017\projects\air engine\dependencies\assimp\bin\code\assimp.dir\release\ndoloader.obj
g:\onedrive\documenten\visual studio 2017\projects\air engine\dependencies\assimp\bin\code\assimp.dir\release\objfilemtlimporter.obj
g:\onedrive\documenten\visual studio 2017\projects\air engine\dependencies\assimp\bin\code\assimp.dir\release\ogreimporter.obj
g:\onedrive\documenten\visual studio 2017\projects\air engine\dependencies\assimp\bin\code\assimp.dir\release\ogrematerial.obj
g:\onedrive\documenten\visual studio 2017\projects\air engine\dependencies\assimp\bin\code\assimp.dir\release\plyexporter.obj
g:\onedrive\documenten\visual studio 2017\projects\air engine\dependencies\assimp\bin\code\assimp.dir\release\blenderdna.obj
g:\onedrive\documenten\visual studio 2017\projects\air engine\dependencies\assimp\bin\code\assimp.dir\release\blenderbmesh.obj
g:\onedrive\documenten\visual studio 2017\projects\air engine\dependencies\assimp\bin\code\assimp.dir\release\ifcutil.obj
g:\onedrive\documenten\visual studio 2017\projects\air engine\dependencies\assimp\bin\code\assimp.dir\release\ifcprofile.obj
g:\onedrive\documenten\visual studio 2017\projects\air engine\dependencies\assimp\bin\code\assimp.dir\release\stepfilereader.obj
g:\onedrive\documenten\visual studio 2017\projects\air engine\dependencies\assimp\bin\code\assimp.dir\release\fbxtokenizer.obj
g:\onedrive\documenten\visual studio 2017\projects\air engine\dependencies\assimp\bin\code\assimp.dir\release\fbxutil.obj
g:\onedrive\documenten\visual studio 2017\projects\air engine\dependencies\assimp\bin\code\assimp.dir\release\fbxmeshgeometry.obj
g:\onedrive\documenten\visual studio 2017\projects\air engine\dependencies\assimp\bin\code\assimp.dir\release\fbxnodeattribute.obj
g:\onedrive\documenten\visual studio 2017\projects\air engine\dependencies\assimp\bin\code\assimp.dir\release\q3dloader.obj
g:\onedrive\documenten\visual studio 2017\projects\air engine\dependencies\assimp\bin\code\assimp.dir\release\sibimporter.obj
g:\onedrive\documenten\visual studio 2017\projects\air engine\dependencies\assimp\bin\code\assimp.dir\release\unrealloader.obj
g:\onedrive\documenten\visual studio 2017\projects\air engine\dependencies\assimp\bin\code\assimp.dir\release\gltfimporter.obj
g:\onedrive\documenten\visual studio 2017\projects\air engine\dependencies\assimp\bin\code\assimp.dir\release\advancing_front.obj
g:\onedrive\documenten\visual studio 2017\projects\air engine\dependencies\assimp\bin\code\assimp.dir\release\clipper.obj
g:\onedrive\documenten\visual studio 2017\projects\air engine\dependencies\assimp\bin\code\assimp.dir\release\openddlexport.obj
g:\onedrive\documenten\visual studio 2017\projects\air engine\dependencies\assimp\bin\code\assimp.dir\release\assimp.obj
g:\onedrive\documenten\visual studio 2017\projects\air engine\dependencies\assimp\bin\code\assimp.dir\release\defaultiosystem.obj
g:\onedrive\documenten\visual studio 2017\projects\air engine\dependencies\assimp\bin\code\assimp.dir\release\vertextriangleadjacency.obj
g:\onedrive\documenten\visual studio 2017\projects\air engine\dependencies\assimp\bin\code\assimp.dir\release\scenecombiner.obj
g:\onedrive\documenten\visual studio 2017\projects\air engine\dependencies\assimp\bin\code\assimp.dir\release\targetanimation.obj
g:\onedrive\documenten\visual studio 2017\projects\air engine\dependencies\assimp\bin\code\assimp.dir\release\bitmap.obj
g:\onedrive\documenten\visual studio 2017\projects\air engine\dependencies\assimp\bin\code\assimp.dir\release\exporter.obj
g:\onedrive\documenten\visual studio 2017\projects\air engine\dependencies\assimp\bin\code\assimp.dir\release\finddegenerates.obj
g:\onedrive\documenten\visual studio 2017\projects\air engine\dependencies\assimp\bin\code\assimp.dir\release\genfacenormalsprocess.obj
g:\onedrive\documenten\visual studio 2017\projects\air engine\dependencies\assimp\bin\code\assimp.dir\release\joinverticesprocess.obj
g:\onedrive\documenten\visual studio 2017\projects\air engine\dependencies\assimp\bin\code\assimp.dir\release\sortbyptypeprocess.obj
g:\onedrive\documenten\visual studio 2017\projects\air engine\dependencies\assimp\bin\code\assimp.dir\release\validatedatastructure.obj
g:\onedrive\documenten\visual studio 2017\projects\air engine\dependencies\assimp\bin\code\assimp.dir\release\processhelper.obj
g:\onedrive\documenten\visual studio 2017\projects\air engine\dependencies\assimp\bin\code\assimp.dir\release\3dsexporter.obj
g:\onedrive\documenten\visual studio 2017\projects\air engine\dependencies\assimp\bin\code\assimp.dir\release\assbinexporter.obj
g:\onedrive\documenten\visual studio 2017\projects\air engine\dependencies\assimp\bin\code\assimp.dir\release\assbinloader.obj
g:\onedrive\documenten\visual studio 2017\projects\air engine\dependencies\assimp\bin\code\assimp.dir\release\colladaloader.obj
g:\onedrive\documenten\visual studio 2017\projects\air engine\dependencies\assimp\bin\code\assimp.dir\release\hmploader.obj
g:\onedrive\documenten\visual studio 2017\projects\air engine\dependencies\assimp\bin\code\assimp.dir\release\lwoanimation.obj
g:\onedrive\documenten\visual studio 2017\projects\air engine\dependencies\assimp\bin\code\assimp.dir\release\lwomaterial.obj
g:\onedrive\documenten\visual studio 2017\projects\air engine\dependencies\assimp\bin\code\assimp.dir\release\md5loader.obj
g:\onedrive\documenten\visual studio 2017\projects\air engine\dependencies\assimp\bin\code\assimp.dir\release\mdlmaterialloader.obj
g:\onedrive\documenten\visual studio 2017\projects\air engine\dependencies\assimp\bin\code\assimp.dir\release\offloader.obj
g:\onedrive\documenten\visual studio 2017\projects\air engine\dependencies\assimp\bin\code\assimp.dir\release\objfileparser.obj
g:\onedrive\documenten\visual studio 2017\projects\air engine\dependencies\assimp\bin\code\assimp.dir\release\ogrebinaryserializer.obj
g:\onedrive\documenten\visual studio 2017\projects\air engine\dependencies\assimp\bin\code\assimp.dir\release\opengeximporter.obj
g:\onedrive\documenten\visual studio 2017\projects\air engine\dependencies\assimp\bin\code\assimp.dir\release\cobloader.obj
g:\onedrive\documenten\visual studio 2017\projects\air engine\dependencies\assimp\bin\code\assimp.dir\release\blenderscene.obj
g:\onedrive\documenten\visual studio 2017\projects\air engine\dependencies\assimp\bin\code\assimp.dir\release\ifcgeometry.obj
g:\onedrive\documenten\visual studio 2017\projects\air engine\dependencies\assimp\bin\code\assimp.dir\release\ifcboolean.obj
g:\onedrive\documenten\visual studio 2017\projects\air engine\dependencies\assimp\bin\code\assimp.dir\release\fbximporter.obj
g:\onedrive\documenten\visual studio 2017\projects\air engine\dependencies\assimp\bin\code\assimp.dir\release\fbxconverter.obj
g:\onedrive\documenten\visual studio 2017\projects\air engine\dependencies\assimp\bin\code\assimp.dir\release\fbxanimation.obj
g:\onedrive\documenten\visual studio 2017\projects\air engine\dependencies\assimp\bin\code\assimp.dir\release\fbxdocumentutil.obj
g:\onedrive\documenten\visual studio 2017\projects\air engine\dependencies\assimp\bin\code\assimp.dir\release\q3bspziparchive.obj
g:\onedrive\documenten\visual studio 2017\projects\air engine\dependencies\assimp\bin\code\assimp.dir\release\stlloader.obj
g:\onedrive\documenten\visual studio 2017\projects\air engine\dependencies\assimp\bin\code\assimp.dir\release\xfileimporter.obj
g:\onedrive\documenten\visual studio 2017\projects\air engine\dependencies\assimp\bin\code\assimp.dir\release\gltfexporter.obj
g:\onedrive\documenten\visual studio 2017\projects\air engine\dependencies\assimp\bin\code\assimp.dir\release\cdt.obj
g:\onedrive\documenten\visual studio 2017\projects\air engine\dependencies\assimp\bin\code\assimp.dir\release\openddlparser.obj
g:\onedrive\documenten\visual studio 2017\projects\air engine\dependencies\assimp\bin\code\assimp.dir\release\baseimporter.obj
g:\onedrive\documenten\visual studio 2017\projects\air engine\dependencies\assimp\bin\code\assimp.dir\release\importer.obj
g:\onedrive\documenten\visual studio 2017\projects\air engine\dependencies\assimp\bin\code\assimp.dir\release\scenepreprocessor.obj
g:\onedrive\documenten\visual studio 2017\projects\air engine\dependencies\assimp\bin\code\assimp.dir\release\standardshapes.obj
g:\onedrive\documenten\visual studio 2017\projects\air engine\dependencies\assimp\bin\code\assimp.dir\release\subdivision.obj
g:\onedrive\documenten\visual studio 2017\projects\air engine\dependencies\assimp\bin\code\assimp.dir\release\calctangentsprocess.obj
g:\onedrive\documenten\visual studio 2017\projects\air engine\dependencies\assimp\bin\code\assimp.dir\release\findinstancesprocess.obj
g:\onedrive\documenten\visual studio 2017\projects\air engine\dependencies\assimp\bin\code\assimp.dir\release\genvertexnormalsprocess.obj
g:\onedrive\documenten\visual studio 2017\projects\air engine\dependencies\assimp\bin\code\assimp.dir\release\limitboneweightsprocess.obj
g:\onedrive\documenten\visual studio 2017\projects\air engine\dependencies\assimp\bin\code\assimp.dir\release\triangulateprocess.obj
g:\onedrive\documenten\visual studio 2017\projects\air engine\dependencies\assimp\bin\code\assimp.dir\release\optimizemeshes.obj
g:\onedrive\documenten\visual studio 2017\projects\air engine\dependencies\assimp\bin\code\assimp.dir\release\makeverboseformat.obj
g:\onedrive\documenten\visual studio 2017\projects\air engine\dependencies\assimp\bin\code\assimp.dir\release\3dsconverter.obj
g:\onedrive\documenten\visual studio 2017\projects\air engine\dependencies\assimp\bin\code\assimp.dir\release\acloader.obj
g:\onedrive\documenten\visual studio 2017\projects\air engine\dependencies\assimp\bin\code\assimp.dir\release\assxmlexporter.obj
g:\onedrive\documenten\visual studio 2017\projects\air engine\dependencies\assimp\bin\code\assimp.dir\release\colladaparser.obj
g:\onedrive\documenten\visual studio 2017\projects\air engine\dependencies\assimp\bin\code\assimp.dir\release\irrshared.obj
g:\onedrive\documenten\visual studio 2017\projects\air engine\dependencies\assimp\bin\code\assimp.dir\release\lwoloader.obj
g:\onedrive\documenten\visual studio 2017\projects\air engine\dependencies\assimp\bin\code\assimp.dir\release\md5parser.obj
g:\onedrive\documenten\visual studio 2017\projects\air engine\dependencies\assimp\bin\code\assimp.dir\release\mdlloader.obj
g:\onedrive\documenten\visual studio 2017\projects\air engine\dependencies\assimp\bin\code\assimp.dir\release\objfileimporter.obj
g:\onedrive\documenten\visual studio 2017\projects\air engine\dependencies\assimp\bin\code\assimp.dir\release\objexporter.obj
g:\onedrive\documenten\visual studio 2017\projects\air engine\dependencies\assimp\bin\code\assimp.dir\release\ogrexmlserializer.obj
g:\onedrive\documenten\visual studio 2017\projects\air engine\dependencies\assimp\bin\code\assimp.dir\release\plyparser.obj
g:\onedrive\documenten\visual studio 2017\projects\air engine\dependencies\assimp\bin\code\assimp.dir\release\ms3dloader.obj
g:\onedrive\documenten\visual studio 2017\projects\air engine\dependencies\assimp\bin\code\assimp.dir\release\blendermodifier.obj
g:\onedrive\documenten\visual studio 2017\projects\air engine\dependencies\assimp\bin\code\assimp.dir\release\ifcloader.obj
g:\onedrive\documenten\visual studio 2017\projects\air engine\dependencies\assimp\bin\code\assimp.dir\release\ifccurve.obj
g:\onedrive\documenten\visual studio 2017\projects\air engine\dependencies\assimp\bin\code\assimp.dir\release\stepfileencoding.obj
g:\onedrive\documenten\visual studio 2017\projects\air engine\dependencies\assimp\bin\code\assimp.dir\release\xglloader.obj
g:\onedrive\documenten\visual studio 2017\projects\air engine\dependencies\assimp\bin\code\assimp.dir\release\fbxdocument.obj
g:\onedrive\documenten\visual studio 2017\projects\air engine\dependencies\assimp\bin\code\assimp.dir\release\fbxmodel.obj
g:\onedrive\documenten\visual studio 2017\projects\air engine\dependencies\assimp\bin\code\assimp.dir\release\fbxdeformer.obj
g:\onedrive\documenten\visual studio 2017\projects\air engine\dependencies\assimp\bin\code\assimp.dir\release\q3bspfileimporter.obj
g:\onedrive\documenten\visual studio 2017\projects\air engine\dependencies\assimp\bin\code\assimp.dir\release\smdloader.obj
g:\onedrive\documenten\visual studio 2017\projects\air engine\dependencies\assimp\bin\code\assimp.dir\release\terragenloader.obj
g:\onedrive\documenten\visual studio 2017\projects\air engine\dependencies\assimp\bin\code\assimp.dir\release\xfileparser.obj
g:\onedrive\documenten\visual studio 2017\projects\air engine\dependencies\assimp\bin\code\assimp.dir\release\d3mfimporter.obj
g:\onedrive\documenten\visual studio 2017\projects\air engine\dependencies\assimp\bin\code\assimp.dir\release\irrxml.obj
g:\onedrive\documenten\visual studio 2017\projects\air engine\dependencies\assimp\bin\code\assimp.dir\release\sweep.obj
g:\onedrive\documenten\visual studio 2017\projects\air engine\dependencies\assimp\bin\code\assimp.dir\release\ddlnode.obj
g:\onedrive\documenten\visual studio 2017\projects\air engine\dependencies\assimp\bin\code\assimp.dir\release\value.obj
g:\onedrive\documenten\visual studio 2017\projects\air engine\dependencies\assimp\bin\code\assimp.dir\release\baseprocess.obj
g:\onedrive\documenten\visual studio 2017\projects\air engine\dependencies\assimp\bin\code\assimp.dir\release\importerregistry.obj
g:\onedrive\documenten\visual studio 2017\projects\air engine\dependencies\assimp\bin\code\assimp.dir\release\skeletonmeshbuilder.obj
g:\onedrive\documenten\visual studio 2017\projects\air engine\dependencies\assimp\bin\code\assimp.dir\release\removecomments.obj
g:\onedrive\documenten\visual studio 2017\projects\air engine\dependencies\assimp\bin\code\assimp.dir\release\version.obj
g:\onedrive\documenten\visual studio 2017\projects\air engine\dependencies\assimp\bin\code\assimp.dir\release\assimpcexport.obj
g:\onedrive\documenten\visual studio 2017\projects\air engine\dependencies\assimp\bin\code\assimp.dir\release\converttolhprocess.obj
g:\onedrive\documenten\visual studio 2017\projects\air engine\dependencies\assimp\bin\code\assimp.dir\release\fixnormalsstep.obj
g:\onedrive\documenten\visual studio 2017\projects\air engine\dependencies\assimp\bin\code\assimp.dir\release\pretransformvertices.obj
g:\onedrive\documenten\visual studio 2017\projects\air engine\dependencies\assimp\bin\code\assimp.dir\release\removevcprocess.obj
g:\onedrive\documenten\visual studio 2017\projects\air engine\dependencies\assimp\bin\code\assimp.dir\release\texturetransform.obj
g:\onedrive\documenten\visual studio 2017\projects\air engine\dependencies\assimp\bin\code\assimp.dir\release\deboneprocess.obj
g:\onedrive\documenten\visual studio 2017\projects\air engine\dependencies\assimp\bin\code\assimp.dir\release\stepexporter.obj
g:\onedrive\documenten\visual studio 2017\projects\air engine\dependencies\assimp\bin\code\assimp.dir\release\aseloader.obj
g:\onedrive\documenten\visual studio 2017\projects\air engine\dependencies\assimp\bin\code\assimp.dir\release\bvhloader.obj
g:\onedrive\documenten\visual studio 2017\projects\air engine\dependencies\assimp\bin\code\assimp.dir\release\colladaexporter.obj
g:\onedrive\documenten\visual studio 2017\projects\air engine\dependencies\assimp\bin\code\assimp.dir\release\irrmeshloader.obj
g:\onedrive\documenten\visual studio 2017\projects\air engine\dependencies\assimp\bin\code\assimp.dir\release\lwobloader.obj
g:\onedrive\documenten\visual studio 2017\projects\air engine\dependencies\assimp\bin\code\assimp.dir\release\lwsloader.obj
g:\onedrive\documenten\visual studio 2017\projects\air engine\dependencies\assimp\bin\code\assimp.dir\release\mdcloader.obj
g:\onedrive\documenten\visual studio 2017\projects\air engine\dependencies\assimp\bin\code\assimp.dir\release\nffloader.obj
g:\onedrive\documenten\visual studio 2017\projects\air engine\dependencies\assimp\bin\code\assimp.dir\release\ogrestructs.obj
g:\onedrive\documenten\visual studio 2017\projects\air engine\dependencies\assimp\bin\code\assimp.dir\release\opengexexporter.obj
g:\onedrive\documenten\visual studio 2017\projects\air engine\dependencies\assimp\bin\code\assimp.dir\release\plyloader.obj
g:\onedrive\documenten\visual studio 2017\projects\air engine\dependencies\assimp\bin\code\assimp.dir\release\blenderloader.obj
g:\onedrive\documenten\visual studio 2017\projects\air engine\dependencies\assimp\bin\code\assimp.dir\release\blendertessellator.obj
g:\onedrive\documenten\visual studio 2017\projects\air engine\dependencies\assimp\bin\code\assimp.dir\release\ifcmaterial.obj
g:\onedrive\documenten\visual studio 2017\projects\air engine\dependencies\assimp\bin\code\assimp.dir\release\ifcopenings.obj
g:\onedrive\documenten\visual studio 2017\projects\air engine\dependencies\assimp\bin\code\assimp.dir\release\fbxparser.obj
g:\onedrive\documenten\visual studio 2017\projects\air engine\dependencies\assimp\bin\code\assimp.dir\release\fbxproperties.obj
g:\onedrive\documenten\visual studio 2017\projects\air engine\dependencies\assimp\bin\code\assimp.dir\release\fbxmaterial.obj
g:\onedrive\documenten\visual studio 2017\projects\air engine\dependencies\assimp\bin\code\assimp.dir\release\fbxbinarytokenizer.obj
g:\onedrive\documenten\visual studio 2017\projects\air engine\dependencies\assimp\bin\code\assimp.dir\release\q3bspfileparser.obj
g:\onedrive\documenten\visual studio 2017\projects\air engine\dependencies\assimp\bin\code\assimp.dir\release\rawloader.obj
g:\onedrive\documenten\visual studio 2017\projects\air engine\dependencies\assimp\bin\code\assimp.dir\release\stlexporter.obj
g:\onedrive\documenten\visual studio 2017\projects\air engine\dependencies\assimp\bin\code\assimp.dir\release\xfileexporter.obj
g:\onedrive\documenten\visual studio 2017\projects\air engine\dependencies\assimp\bin\code\assimp.dir\release\d3mfopcpackage.obj
g:\onedrive\documenten\visual studio 2017\projects\air engine\dependencies\assimp\bin\code\assimp.dir\release\shapes.obj
g:\onedrive\documenten\visual studio 2017\projects\air engine\dependencies\assimp\bin\code\assimp.dir\release\sweep_context.obj
g:\onedrive\documenten\visual studio 2017\projects\air engine\dependencies\assimp\bin\code\assimp.dir\release\openddlcommon.obj
g:\onedrive\documenten\visual studio 2017\projects\air engine\dependencies\assimp\bin\code\assimp.dir\release\ifcreadergen.obj
g:\onedrive\documenten\visual studio 2017\projects\air engine\dependencies\assimp\bin\code\assimp.dir\release\ioapi.obj
g:\onedrive\documenten\visual studio 2017\projects\air engine\dependencies\assimp\bin\code\assimp.dir\release\convertutf.obj
g:\onedrive\documenten\visual studio 2017\projects\air engine\dependencies\assimp\bin\code\assimp.dir\release\unzip.obj
g:\onedrive\documenten\visual studio 2017\projects\air engine\dependencies\assimp\bin\code\cmakefiles\generate.stamp
g:\onedrive\documenten\visual studio 2017\projects\air engine\dependencies\assimp\bin\code\release\assimp-vc140-mt.dll
g:\onedrive\documenten\visual studio 2017\projects\air engine\dependencies\assimp\bin\code\assimp.dir\release\assimp.tlog\assimp.write.1u.tlog
g:\onedrive\documenten\visual studio 2017\projects\air engine\dependencies\assimp\bin\code\assimp.dir\release\assimp.tlog\cl.command.1.tlog
g:\onedrive\documenten\visual studio 2017\projects\air engine\dependencies\assimp\bin\code\assimp.dir\release\assimp.tlog\cl.read.1.tlog
g:\onedrive\documenten\visual studio 2017\projects\air engine\dependencies\assimp\bin\code\assimp.dir\release\assimp.tlog\cl.write.1.tlog
g:\onedrive\documenten\visual studio 2017\projects\air engine\dependencies\assimp\bin\code\assimp.dir\release\assimp.tlog\custombuild.command.1.tlog
g:\onedrive\documenten\visual studio 2017\projects\air engine\dependencies\assimp\bin\code\assimp.dir\release\assimp.tlog\custombuild.read.1.tlog
g:\onedrive\documenten\visual studio 2017\projects\air engine\dependencies\assimp\bin\code\assimp.dir\release\assimp.tlog\custombuild.write.1.tlog
g:\onedrive\documenten\visual studio 2017\projects\air engine\dependencies\assimp\bin\code\assimp.dir\release\assimp.tlog\link.command.1.tlog
g:\onedrive\documenten\visual studio 2017\projects\air engine\dependencies\assimp\bin\code\assimp.dir\release\assimp.tlog\link.read.1.tlog
g:\onedrive\documenten\visual studio 2017\projects\air engine\dependencies\assimp\bin\code\assimp.dir\release\assimp.tlog\link.write.1.tlog
