  Building Custom Rule G:/Downloads/assimp-3.3.1 (1)/assimp-3.3.1/code/CMakeLists.txt
  CMake does not need to re-run because G:\Onedrive\Documenten\Visual Studio 2017\Projects\Air Engine\Dependencies\Assimp\bin\code\CMakeFiles\generate.stamp is up-to-date.
  Assimp.cpp
  BaseImporter.cpp
  BaseProcess.cpp
  PostStepRegistry.cpp
  ImporterRegistry.cpp
  DefaultIOStream.cpp
  DefaultIOSystem.cpp
  Importer.cpp
  SGSpatialSort.cpp
  VertexTriangleAdjacency.cpp
  SpatialSort.cpp
  SceneCombiner.cpp
  ScenePreprocessor.cpp
  SkeletonMeshBuilder.cpp
  SplitByBoneCountProcess.cpp
  StandardShapes.cpp
  TargetAnimation.cpp
  RemoveComments.cpp
  Subdivision.cpp
  Bitmap.cpp
  Version.cpp
  DefaultLogger.cpp
  Exporter.cpp
  AssimpCExport.cpp
  CalcTangentsProcess.cpp
  ComputeUVMappingProcess.cpp
  ConvertToLHProcess.cpp
  FindDegenerates.cpp
  FindInstancesProcess.cpp
  FindInvalidDataProcess.cpp
  FixNormalsStep.cpp
  GenFaceNormalsProcess.cpp
  GenVertexNormalsProcess.cpp
  PretransformVertices.cpp
  ImproveCacheLocality.cpp
  JoinVerticesProcess.cpp
  LimitBoneWeightsProcess.cpp
  RemoveRedundantMaterials.cpp
  RemoveVCProcess.cpp
  SortByPTypeProcess.cpp
  SplitLargeMeshes.cpp
  TextureTransform.cpp
  TriangulateProcess.cpp
  ValidateDataStructure.cpp
  OptimizeGraph.cpp
  OptimizeMeshes.cpp
  DeboneProcess.cpp
  ProcessHelper.cpp
  MakeVerboseFormat.cpp
  MaterialSystem.cpp
  StepExporter.cpp
  3DSConverter.cpp
  3DSLoader.cpp
  3DSExporter.cpp
  ACLoader.cpp
  ASELoader.cpp
  ASEParser.cpp
  AssbinExporter.cpp
  AssbinLoader.cpp
  AssxmlExporter.cpp
  B3DImporter.cpp
  BVHLoader.cpp
  ColladaLoader.cpp
  ColladaParser.cpp
  ColladaExporter.cpp
  DXFLoader.cpp
  CSMLoader.cpp
  HMPLoader.cpp
  IRRMeshLoader.cpp
  IRRShared.cpp
  IRRLoader.cpp
  LWOAnimation.cpp
  LWOBLoader.cpp
  LWOLoader.cpp
  LWOMaterial.cpp
  LWSLoader.cpp
  MD2Loader.cpp
  MD3Loader.cpp
  MD5Loader.cpp
  MD5Parser.cpp
  MDCLoader.cpp
  MDLLoader.cpp
  MDLMaterialLoader.cpp
  NFFLoader.cpp
  NDOLoader.cpp
  OFFLoader.cpp
  ObjFileImporter.cpp
  ObjFileMtlImporter.cpp
  ObjFileParser.cpp
  ObjExporter.cpp
  OgreImporter.cpp
  OgreStructs.cpp
  OgreBinarySerializer.cpp
  OgreXmlSerializer.cpp
  OgreMaterial.cpp
G:\Downloads\assimp-3.3.1 (1)\assimp-3.3.1\code\OgreMaterial.cpp(96): warning C4267: 'argument': conversion from 'size_t' to 'uint16_t', possible loss of data
  OpenGEXExporter.cpp
  OpenGEXImporter.cpp
  PlyLoader.cpp
  PlyParser.cpp
  PlyExporter.cpp
  MS3DLoader.cpp
  COBLoader.cpp
  BlenderLoader.cpp
  BlenderDNA.cpp
  BlenderScene.cpp
  BlenderModifier.cpp
  BlenderBMesh.cpp
  BlenderTessellator.cpp
  IFCLoader.cpp
  IFCUtil.cpp
  IFCGeometry.cpp
  IFCMaterial.cpp
  IFCProfile.cpp
  IFCCurve.cpp
  IFCBoolean.cpp
  IFCOpenings.cpp
  STEPFileReader.cpp
  STEPFileEncoding.cpp
  XGLLoader.cpp
  FBXImporter.cpp
  FBXParser.cpp
  FBXTokenizer.cpp
  FBXConverter.cpp
  FBXUtil.cpp
  FBXDocument.cpp
  FBXProperties.cpp
  FBXMeshGeometry.cpp
  FBXMaterial.cpp
  FBXModel.cpp
  FBXAnimation.cpp
  FBXNodeAttribute.cpp
  FBXDeformer.cpp
  FBXBinaryTokenizer.cpp
  FBXDocumentUtil.cpp
  Q3DLoader.cpp
  Q3BSPFileParser.cpp
  Q3BSPFileImporter.cpp
  Q3BSPZipArchive.cpp
  RawLoader.cpp
  SIBImporter.cpp
  SMDLoader.cpp
  STLLoader.cpp
  STLExporter.cpp
  TerragenLoader.cpp
  UnrealLoader.cpp
  XFileImporter.cpp
  XFileParser.cpp
  XFileExporter.cpp
  glTFImporter.cpp
  glTFExporter.cpp
  D3MFImporter.cpp
  D3MFOpcPackage.cpp
  irrXML.cpp
  shapes.cc
  advancing_front.cc
  cdt.cc
  sweep.cc
  sweep_context.cc
  clipper.cpp
  OpenDDLParser.cpp
  DDLNode.cpp
  OpenDDLCommon.cpp
  OpenDDLExport.cpp
  Value.cpp
  IFCReaderGen.cpp
  ConvertUTF.c
  ioapi.c
  unzip.c
     Creating library G:/Onedrive/Documenten/Visual Studio 2017/Projects/Air Engine/Dependencies/Assimp/bin/code/Release/assimp-vc140-mt.lib and object G:/Onedrive/Documenten/Visual Studio 2017/Projects/Air Engine/Dependencies/Assimp/bin/code/Release/assimp-vc140-mt.exp
  assimp.vcxproj -> G:\Onedrive\Documenten\Visual Studio 2017\Projects\Air Engine\Dependencies\Assimp\bin\code\Release\assimp-vc140-mt.dll
