g:\onedrive\documenten\visual studio 2017\projects\air engine\dependencies\assimp\bin\code\debug\assimp-vc140-mt.lib
g:\onedrive\documenten\visual studio 2017\projects\air engine\dependencies\assimp\bin\code\debug\assimp-vc140-mt.exp
g:\onedrive\documenten\visual studio 2017\projects\air engine\dependencies\assimp\bin\code\assimp.dir\debug\baseimporter.obj
g:\onedrive\documenten\visual studio 2017\projects\air engine\dependencies\assimp\bin\code\assimp.dir\debug\defaultiosystem.obj
g:\onedrive\documenten\visual studio 2017\projects\air engine\dependencies\assimp\bin\code\assimp.dir\debug\vertextriangleadjacency.obj
g:\onedrive\documenten\visual studio 2017\projects\air engine\dependencies\assimp\bin\code\assimp.dir\debug\scenecombiner.obj
g:\onedrive\documenten\visual studio 2017\projects\air engine\dependencies\assimp\bin\code\assimp.dir\debug\standardshapes.obj
g:\onedrive\documenten\visual studio 2017\projects\air engine\dependencies\assimp\bin\code\assimp.dir\debug\removecomments.obj
g:\onedrive\documenten\visual studio 2017\projects\air engine\dependencies\assimp\bin\code\assimp.dir\debug\version.obj
g:\onedrive\documenten\visual studio 2017\projects\air engine\dependencies\assimp\bin\code\assimp.dir\debug\calctangentsprocess.obj
g:\onedrive\documenten\visual studio 2017\projects\air engine\dependencies\assimp\bin\code\assimp.dir\debug\finddegenerates.obj
g:\onedrive\documenten\visual studio 2017\projects\air engine\dependencies\assimp\bin\code\assimp.dir\debug\genvertexnormalsprocess.obj
g:\onedrive\documenten\visual studio 2017\projects\air engine\dependencies\assimp\bin\code\assimp.dir\debug\limitboneweightsprocess.obj
g:\onedrive\documenten\visual studio 2017\projects\air engine\dependencies\assimp\bin\code\assimp.dir\debug\splitlargemeshes.obj
g:\onedrive\documenten\visual studio 2017\projects\air engine\dependencies\assimp\bin\code\assimp.dir\debug\optimizemeshes.obj
g:\onedrive\documenten\visual studio 2017\projects\air engine\dependencies\assimp\bin\code\assimp.dir\debug\makeverboseformat.obj
g:\onedrive\documenten\visual studio 2017\projects\air engine\dependencies\assimp\bin\code\assimp.dir\debug\3dsexporter.obj
g:\onedrive\documenten\visual studio 2017\projects\air engine\dependencies\assimp\bin\code\assimp.dir\debug\assbinexporter.obj
g:\onedrive\documenten\visual studio 2017\projects\air engine\dependencies\assimp\bin\code\assimp.dir\debug\assxmlexporter.obj
g:\onedrive\documenten\visual studio 2017\projects\air engine\dependencies\assimp\bin\code\assimp.dir\debug\colladaexporter.obj
g:\onedrive\documenten\visual studio 2017\projects\air engine\dependencies\assimp\bin\code\assimp.dir\debug\csmloader.obj
g:\onedrive\documenten\visual studio 2017\projects\air engine\dependencies\assimp\bin\code\assimp.dir\debug\irrloader.obj
g:\onedrive\documenten\visual studio 2017\projects\air engine\dependencies\assimp\bin\code\assimp.dir\debug\md2loader.obj
g:\onedrive\documenten\visual studio 2017\projects\air engine\dependencies\assimp\bin\code\assimp.dir\debug\md5parser.obj
g:\onedrive\documenten\visual studio 2017\projects\air engine\dependencies\assimp\bin\code\assimp.dir\debug\mdlloader.obj
g:\onedrive\documenten\visual studio 2017\projects\air engine\dependencies\assimp\bin\code\assimp.dir\debug\objfileimporter.obj
g:\onedrive\documenten\visual studio 2017\projects\air engine\dependencies\assimp\bin\code\assimp.dir\debug\ogreimporter.obj
g:\onedrive\documenten\visual studio 2017\projects\air engine\dependencies\assimp\bin\code\assimp.dir\debug\ogrematerial.obj
g:\onedrive\documenten\visual studio 2017\projects\air engine\dependencies\assimp\bin\code\assimp.dir\debug\plyloader.obj
g:\onedrive\documenten\visual studio 2017\projects\air engine\dependencies\assimp\bin\code\assimp.dir\debug\blenderdna.obj
g:\onedrive\documenten\visual studio 2017\projects\air engine\dependencies\assimp\bin\code\assimp.dir\debug\blendermodifier.obj
g:\onedrive\documenten\visual studio 2017\projects\air engine\dependencies\assimp\bin\code\assimp.dir\debug\ifcloader.obj
g:\onedrive\documenten\visual studio 2017\projects\air engine\dependencies\assimp\bin\code\assimp.dir\debug\ifcprofile.obj
g:\onedrive\documenten\visual studio 2017\projects\air engine\dependencies\assimp\bin\code\assimp.dir\debug\stepfilereader.obj
g:\onedrive\documenten\visual studio 2017\projects\air engine\dependencies\assimp\bin\code\assimp.dir\debug\fbxtokenizer.obj
g:\onedrive\documenten\visual studio 2017\projects\air engine\dependencies\assimp\bin\code\assimp.dir\debug\fbxdocument.obj
g:\onedrive\documenten\visual studio 2017\projects\air engine\dependencies\assimp\bin\code\assimp.dir\debug\fbxmodel.obj
g:\onedrive\documenten\visual studio 2017\projects\air engine\dependencies\assimp\bin\code\assimp.dir\debug\fbxdeformer.obj
g:\onedrive\documenten\visual studio 2017\projects\air engine\dependencies\assimp\bin\code\assimp.dir\debug\rawloader.obj
g:\onedrive\documenten\visual studio 2017\projects\air engine\dependencies\assimp\bin\code\assimp.dir\debug\stlexporter.obj
g:\onedrive\documenten\visual studio 2017\projects\air engine\dependencies\assimp\bin\code\assimp.dir\debug\xfileparser.obj
g:\onedrive\documenten\visual studio 2017\projects\air engine\dependencies\assimp\bin\code\assimp.dir\debug\gltfexporter.obj
g:\onedrive\documenten\visual studio 2017\projects\air engine\dependencies\assimp\bin\code\assimp.dir\debug\sweep_context.obj
g:\onedrive\documenten\visual studio 2017\projects\air engine\dependencies\assimp\bin\code\assimp.dir\debug\openddlcommon.obj
g:\onedrive\documenten\visual studio 2017\projects\air engine\dependencies\assimp\bin\code\assimp.dir\debug\value.obj
g:\onedrive\documenten\visual studio 2017\projects\air engine\dependencies\assimp\bin\code\assimp.dir\debug\poststepregistry.obj
g:\onedrive\documenten\visual studio 2017\projects\air engine\dependencies\assimp\bin\code\assimp.dir\debug\defaultiostream.obj
g:\onedrive\documenten\visual studio 2017\projects\air engine\dependencies\assimp\bin\code\assimp.dir\debug\sgspatialsort.obj
g:\onedrive\documenten\visual studio 2017\projects\air engine\dependencies\assimp\bin\code\assimp.dir\debug\spatialsort.obj
g:\onedrive\documenten\visual studio 2017\projects\air engine\dependencies\assimp\bin\code\assimp.dir\debug\skeletonmeshbuilder.obj
g:\onedrive\documenten\visual studio 2017\projects\air engine\dependencies\assimp\bin\code\assimp.dir\debug\targetanimation.obj
g:\onedrive\documenten\visual studio 2017\projects\air engine\dependencies\assimp\bin\code\assimp.dir\debug\bitmap.obj
g:\onedrive\documenten\visual studio 2017\projects\air engine\dependencies\assimp\bin\code\assimp.dir\debug\defaultlogger.obj
g:\onedrive\documenten\visual studio 2017\projects\air engine\dependencies\assimp\bin\code\assimp.dir\debug\computeuvmappingprocess.obj
g:\onedrive\documenten\visual studio 2017\projects\air engine\dependencies\assimp\bin\code\assimp.dir\debug\findinvaliddataprocess.obj
g:\onedrive\documenten\visual studio 2017\projects\air engine\dependencies\assimp\bin\code\assimp.dir\debug\pretransformvertices.obj
g:\onedrive\documenten\visual studio 2017\projects\air engine\dependencies\assimp\bin\code\assimp.dir\debug\removevcprocess.obj
g:\onedrive\documenten\visual studio 2017\projects\air engine\dependencies\assimp\bin\code\assimp.dir\debug\triangulateprocess.obj
g:\onedrive\documenten\visual studio 2017\projects\air engine\dependencies\assimp\bin\code\assimp.dir\debug\deboneprocess.obj
g:\onedrive\documenten\visual studio 2017\projects\air engine\dependencies\assimp\bin\code\assimp.dir\debug\stepexporter.obj
g:\onedrive\documenten\visual studio 2017\projects\air engine\dependencies\assimp\bin\code\assimp.dir\debug\acloader.obj
g:\onedrive\documenten\visual studio 2017\projects\air engine\dependencies\assimp\bin\code\assimp.dir\debug\assbinloader.obj
g:\onedrive\documenten\visual studio 2017\projects\air engine\dependencies\assimp\bin\code\assimp.dir\debug\colladaloader.obj
g:\onedrive\documenten\visual studio 2017\projects\air engine\dependencies\assimp\bin\code\assimp.dir\debug\irrmeshloader.obj
g:\onedrive\documenten\visual studio 2017\projects\air engine\dependencies\assimp\bin\code\assimp.dir\debug\lwobloader.obj
g:\onedrive\documenten\visual studio 2017\projects\air engine\dependencies\assimp\bin\code\assimp.dir\debug\lwsloader.obj
g:\onedrive\documenten\visual studio 2017\projects\air engine\dependencies\assimp\bin\code\assimp.dir\debug\mdcloader.obj
g:\onedrive\documenten\visual studio 2017\projects\air engine\dependencies\assimp\bin\code\assimp.dir\debug\ndoloader.obj
g:\onedrive\documenten\visual studio 2017\projects\air engine\dependencies\assimp\bin\code\assimp.dir\debug\objexporter.obj
g:\onedrive\documenten\visual studio 2017\projects\air engine\dependencies\assimp\bin\code\assimp.dir\debug\ogrebinaryserializer.obj
g:\onedrive\documenten\visual studio 2017\projects\air engine\dependencies\assimp\bin\code\assimp.dir\debug\plyexporter.obj
g:\onedrive\documenten\visual studio 2017\projects\air engine\dependencies\assimp\bin\code\assimp.dir\debug\cobloader.obj
g:\onedrive\documenten\visual studio 2017\projects\air engine\dependencies\assimp\bin\code\assimp.dir\debug\blenderbmesh.obj
g:\onedrive\documenten\visual studio 2017\projects\air engine\dependencies\assimp\bin\code\assimp.dir\debug\ifcutil.obj
g:\onedrive\documenten\visual studio 2017\projects\air engine\dependencies\assimp\bin\code\assimp.dir\debug\ifcboolean.obj
g:\onedrive\documenten\visual studio 2017\projects\air engine\dependencies\assimp\bin\code\assimp.dir\debug\xglloader.obj
g:\onedrive\documenten\visual studio 2017\projects\air engine\dependencies\assimp\bin\code\assimp.dir\debug\fbxconverter.obj
g:\onedrive\documenten\visual studio 2017\projects\air engine\dependencies\assimp\bin\code\assimp.dir\debug\fbxnodeattribute.obj
g:\onedrive\documenten\visual studio 2017\projects\air engine\dependencies\assimp\bin\code\assimp.dir\debug\q3dloader.obj
g:\onedrive\documenten\visual studio 2017\projects\air engine\dependencies\assimp\bin\code\assimp.dir\debug\q3bspfileimporter.obj
g:\onedrive\documenten\visual studio 2017\projects\air engine\dependencies\assimp\bin\code\assimp.dir\debug\stlloader.obj
g:\onedrive\documenten\visual studio 2017\projects\air engine\dependencies\assimp\bin\code\assimp.dir\debug\terragenloader.obj
g:\onedrive\documenten\visual studio 2017\projects\air engine\dependencies\assimp\bin\code\assimp.dir\debug\xfileexporter.obj
g:\onedrive\documenten\visual studio 2017\projects\air engine\dependencies\assimp\bin\code\assimp.dir\debug\d3mfopcpackage.obj
g:\onedrive\documenten\visual studio 2017\projects\air engine\dependencies\assimp\bin\code\assimp.dir\debug\shapes.obj
g:\onedrive\documenten\visual studio 2017\projects\air engine\dependencies\assimp\bin\code\assimp.dir\debug\sweep.obj
g:\onedrive\documenten\visual studio 2017\projects\air engine\dependencies\assimp\bin\code\assimp.dir\debug\ddlnode.obj
g:\onedrive\documenten\visual studio 2017\projects\air engine\dependencies\assimp\bin\code\assimp.dir\debug\assimp.obj
g:\onedrive\documenten\visual studio 2017\projects\air engine\dependencies\assimp\bin\code\assimp.dir\debug\importer.obj
g:\onedrive\documenten\visual studio 2017\projects\air engine\dependencies\assimp\bin\code\assimp.dir\debug\scenepreprocessor.obj
g:\onedrive\documenten\visual studio 2017\projects\air engine\dependencies\assimp\bin\code\assimp.dir\debug\splitbybonecountprocess.obj
g:\onedrive\documenten\visual studio 2017\projects\air engine\dependencies\assimp\bin\code\assimp.dir\debug\subdivision.obj
g:\onedrive\documenten\visual studio 2017\projects\air engine\dependencies\assimp\bin\code\assimp.dir\debug\exporter.obj
g:\onedrive\documenten\visual studio 2017\projects\air engine\dependencies\assimp\bin\code\assimp.dir\debug\findinstancesprocess.obj
g:\onedrive\documenten\visual studio 2017\projects\air engine\dependencies\assimp\bin\code\assimp.dir\debug\genfacenormalsprocess.obj
g:\onedrive\documenten\visual studio 2017\projects\air engine\dependencies\assimp\bin\code\assimp.dir\debug\joinverticesprocess.obj
g:\onedrive\documenten\visual studio 2017\projects\air engine\dependencies\assimp\bin\code\assimp.dir\debug\sortbyptypeprocess.obj
g:\onedrive\documenten\visual studio 2017\projects\air engine\dependencies\assimp\bin\code\assimp.dir\debug\validatedatastructure.obj
g:\onedrive\documenten\visual studio 2017\projects\air engine\dependencies\assimp\bin\code\assimp.dir\debug\processhelper.obj
g:\onedrive\documenten\visual studio 2017\projects\air engine\dependencies\assimp\bin\code\assimp.dir\debug\3dsloader.obj
g:\onedrive\documenten\visual studio 2017\projects\air engine\dependencies\assimp\bin\code\assimp.dir\debug\aseparser.obj
g:\onedrive\documenten\visual studio 2017\projects\air engine\dependencies\assimp\bin\code\assimp.dir\debug\b3dimporter.obj
g:\onedrive\documenten\visual studio 2017\projects\air engine\dependencies\assimp\bin\code\assimp.dir\debug\dxfloader.obj
g:\onedrive\documenten\visual studio 2017\projects\air engine\dependencies\assimp\bin\code\assimp.dir\debug\hmploader.obj
g:\onedrive\documenten\visual studio 2017\projects\air engine\dependencies\assimp\bin\code\assimp.dir\debug\lwoanimation.obj
g:\onedrive\documenten\visual studio 2017\projects\air engine\dependencies\assimp\bin\code\assimp.dir\debug\lwomaterial.obj
g:\onedrive\documenten\visual studio 2017\projects\air engine\dependencies\assimp\bin\code\assimp.dir\debug\md5loader.obj
g:\onedrive\documenten\visual studio 2017\projects\air engine\dependencies\assimp\bin\code\assimp.dir\debug\mdlmaterialloader.obj
g:\onedrive\documenten\visual studio 2017\projects\air engine\dependencies\assimp\bin\code\assimp.dir\debug\offloader.obj
g:\onedrive\documenten\visual studio 2017\projects\air engine\dependencies\assimp\bin\code\assimp.dir\debug\objfileparser.obj
g:\onedrive\documenten\visual studio 2017\projects\air engine\dependencies\assimp\bin\code\assimp.dir\debug\ogrexmlserializer.obj
g:\onedrive\documenten\visual studio 2017\projects\air engine\dependencies\assimp\bin\code\assimp.dir\debug\plyparser.obj
g:\onedrive\documenten\visual studio 2017\projects\air engine\dependencies\assimp\bin\code\assimp.dir\debug\ms3dloader.obj
g:\onedrive\documenten\visual studio 2017\projects\air engine\dependencies\assimp\bin\code\assimp.dir\debug\blenderscene.obj
g:\onedrive\documenten\visual studio 2017\projects\air engine\dependencies\assimp\bin\code\assimp.dir\debug\ifcgeometry.obj
g:\onedrive\documenten\visual studio 2017\projects\air engine\dependencies\assimp\bin\code\assimp.dir\debug\ifcopenings.obj
g:\onedrive\documenten\visual studio 2017\projects\air engine\dependencies\assimp\bin\code\assimp.dir\debug\fbxparser.obj
g:\onedrive\documenten\visual studio 2017\projects\air engine\dependencies\assimp\bin\code\assimp.dir\debug\fbxutil.obj
g:\onedrive\documenten\visual studio 2017\projects\air engine\dependencies\assimp\bin\code\assimp.dir\debug\fbxmeshgeometry.obj
g:\onedrive\documenten\visual studio 2017\projects\air engine\dependencies\assimp\bin\code\assimp.dir\debug\fbxmaterial.obj
g:\onedrive\documenten\visual studio 2017\projects\air engine\dependencies\assimp\bin\code\assimp.dir\debug\fbxbinarytokenizer.obj
g:\onedrive\documenten\visual studio 2017\projects\air engine\dependencies\assimp\bin\code\assimp.dir\debug\q3bspfileparser.obj
g:\onedrive\documenten\visual studio 2017\projects\air engine\dependencies\assimp\bin\code\assimp.dir\debug\sibimporter.obj
g:\onedrive\documenten\visual studio 2017\projects\air engine\dependencies\assimp\bin\code\assimp.dir\debug\unrealloader.obj
g:\onedrive\documenten\visual studio 2017\projects\air engine\dependencies\assimp\bin\code\assimp.dir\debug\gltfimporter.obj
g:\onedrive\documenten\visual studio 2017\projects\air engine\dependencies\assimp\bin\code\assimp.dir\debug\advancing_front.obj
g:\onedrive\documenten\visual studio 2017\projects\air engine\dependencies\assimp\bin\code\assimp.dir\debug\clipper.obj
g:\onedrive\documenten\visual studio 2017\projects\air engine\dependencies\assimp\bin\code\assimp.dir\debug\openddlexport.obj
g:\onedrive\documenten\visual studio 2017\projects\air engine\dependencies\assimp\bin\code\assimp.dir\debug\baseprocess.obj
g:\onedrive\documenten\visual studio 2017\projects\air engine\dependencies\assimp\bin\code\assimp.dir\debug\importerregistry.obj
g:\onedrive\documenten\visual studio 2017\projects\air engine\dependencies\assimp\bin\code\assimp.dir\debug\assimpcexport.obj
g:\onedrive\documenten\visual studio 2017\projects\air engine\dependencies\assimp\bin\code\assimp.dir\debug\converttolhprocess.obj
g:\onedrive\documenten\visual studio 2017\projects\air engine\dependencies\assimp\bin\code\assimp.dir\debug\fixnormalsstep.obj
g:\onedrive\documenten\visual studio 2017\projects\air engine\dependencies\assimp\bin\code\assimp.dir\debug\improvecachelocality.obj
g:\onedrive\documenten\visual studio 2017\projects\air engine\dependencies\assimp\bin\code\assimp.dir\debug\removeredundantmaterials.obj
g:\onedrive\documenten\visual studio 2017\projects\air engine\dependencies\assimp\bin\code\assimp.dir\debug\texturetransform.obj
g:\onedrive\documenten\visual studio 2017\projects\air engine\dependencies\assimp\bin\code\assimp.dir\debug\optimizegraph.obj
g:\onedrive\documenten\visual studio 2017\projects\air engine\dependencies\assimp\bin\code\assimp.dir\debug\materialsystem.obj
g:\onedrive\documenten\visual studio 2017\projects\air engine\dependencies\assimp\bin\code\assimp.dir\debug\3dsconverter.obj
g:\onedrive\documenten\visual studio 2017\projects\air engine\dependencies\assimp\bin\code\assimp.dir\debug\aseloader.obj
g:\onedrive\documenten\visual studio 2017\projects\air engine\dependencies\assimp\bin\code\assimp.dir\debug\bvhloader.obj
g:\onedrive\documenten\visual studio 2017\projects\air engine\dependencies\assimp\bin\code\assimp.dir\debug\colladaparser.obj
g:\onedrive\documenten\visual studio 2017\projects\air engine\dependencies\assimp\bin\code\assimp.dir\debug\irrshared.obj
g:\onedrive\documenten\visual studio 2017\projects\air engine\dependencies\assimp\bin\code\assimp.dir\debug\lwoloader.obj
g:\onedrive\documenten\visual studio 2017\projects\air engine\dependencies\assimp\bin\code\assimp.dir\debug\md3loader.obj
g:\onedrive\documenten\visual studio 2017\projects\air engine\dependencies\assimp\bin\code\assimp.dir\debug\nffloader.obj
g:\onedrive\documenten\visual studio 2017\projects\air engine\dependencies\assimp\bin\code\assimp.dir\debug\objfilemtlimporter.obj
g:\onedrive\documenten\visual studio 2017\projects\air engine\dependencies\assimp\bin\code\assimp.dir\debug\ogrestructs.obj
g:\onedrive\documenten\visual studio 2017\projects\air engine\dependencies\assimp\bin\code\assimp.dir\debug\opengexexporter.obj
g:\onedrive\documenten\visual studio 2017\projects\air engine\dependencies\assimp\bin\code\assimp.dir\debug\opengeximporter.obj
g:\onedrive\documenten\visual studio 2017\projects\air engine\dependencies\assimp\bin\code\assimp.dir\debug\blenderloader.obj
g:\onedrive\documenten\visual studio 2017\projects\air engine\dependencies\assimp\bin\code\assimp.dir\debug\blendertessellator.obj
g:\onedrive\documenten\visual studio 2017\projects\air engine\dependencies\assimp\bin\code\assimp.dir\debug\ifcmaterial.obj
g:\onedrive\documenten\visual studio 2017\projects\air engine\dependencies\assimp\bin\code\assimp.dir\debug\ifccurve.obj
g:\onedrive\documenten\visual studio 2017\projects\air engine\dependencies\assimp\bin\code\assimp.dir\debug\stepfileencoding.obj
g:\onedrive\documenten\visual studio 2017\projects\air engine\dependencies\assimp\bin\code\assimp.dir\debug\fbximporter.obj
g:\onedrive\documenten\visual studio 2017\projects\air engine\dependencies\assimp\bin\code\assimp.dir\debug\fbxproperties.obj
g:\onedrive\documenten\visual studio 2017\projects\air engine\dependencies\assimp\bin\code\assimp.dir\debug\fbxanimation.obj
g:\onedrive\documenten\visual studio 2017\projects\air engine\dependencies\assimp\bin\code\assimp.dir\debug\fbxdocumentutil.obj
g:\onedrive\documenten\visual studio 2017\projects\air engine\dependencies\assimp\bin\code\assimp.dir\debug\q3bspziparchive.obj
g:\onedrive\documenten\visual studio 2017\projects\air engine\dependencies\assimp\bin\code\assimp.dir\debug\smdloader.obj
g:\onedrive\documenten\visual studio 2017\projects\air engine\dependencies\assimp\bin\code\assimp.dir\debug\xfileimporter.obj
g:\onedrive\documenten\visual studio 2017\projects\air engine\dependencies\assimp\bin\code\assimp.dir\debug\d3mfimporter.obj
g:\onedrive\documenten\visual studio 2017\projects\air engine\dependencies\assimp\bin\code\assimp.dir\debug\irrxml.obj
g:\onedrive\documenten\visual studio 2017\projects\air engine\dependencies\assimp\bin\code\assimp.dir\debug\cdt.obj
g:\onedrive\documenten\visual studio 2017\projects\air engine\dependencies\assimp\bin\code\assimp.dir\debug\openddlparser.obj
g:\onedrive\documenten\visual studio 2017\projects\air engine\dependencies\assimp\bin\code\assimp.dir\debug\vc141.pdb
g:\onedrive\documenten\visual studio 2017\projects\air engine\dependencies\assimp\bin\code\assimp.dir\debug\ifcreadergen.obj
g:\onedrive\documenten\visual studio 2017\projects\air engine\dependencies\assimp\bin\code\assimp.dir\debug\convertutf.obj
g:\onedrive\documenten\visual studio 2017\projects\air engine\dependencies\assimp\bin\code\assimp.dir\debug\ioapi.obj
g:\onedrive\documenten\visual studio 2017\projects\air engine\dependencies\assimp\bin\code\assimp.dir\debug\unzip.obj
g:\onedrive\documenten\visual studio 2017\projects\air engine\dependencies\assimp\bin\code\cmakefiles\generate.stamp
g:\onedrive\documenten\visual studio 2017\projects\air engine\dependencies\assimp\bin\code\debug\assimp-vc140-mt.ilk
g:\onedrive\documenten\visual studio 2017\projects\air engine\dependencies\assimp\bin\code\debug\assimp-vc140-mt.dll
g:\onedrive\documenten\visual studio 2017\projects\air engine\dependencies\assimp\bin\code\debug\assimp-vc140-mt.pdb
g:\onedrive\documenten\visual studio 2017\projects\air engine\dependencies\assimp\bin\code\assimp.dir\debug\assimp.tlog\assimp.write.1u.tlog
g:\onedrive\documenten\visual studio 2017\projects\air engine\dependencies\assimp\bin\code\assimp.dir\debug\assimp.tlog\cl.command.1.tlog
g:\onedrive\documenten\visual studio 2017\projects\air engine\dependencies\assimp\bin\code\assimp.dir\debug\assimp.tlog\cl.read.1.tlog
g:\onedrive\documenten\visual studio 2017\projects\air engine\dependencies\assimp\bin\code\assimp.dir\debug\assimp.tlog\cl.write.1.tlog
g:\onedrive\documenten\visual studio 2017\projects\air engine\dependencies\assimp\bin\code\assimp.dir\debug\assimp.tlog\custombuild.command.1.tlog
g:\onedrive\documenten\visual studio 2017\projects\air engine\dependencies\assimp\bin\code\assimp.dir\debug\assimp.tlog\custombuild.read.1.tlog
g:\onedrive\documenten\visual studio 2017\projects\air engine\dependencies\assimp\bin\code\assimp.dir\debug\assimp.tlog\custombuild.write.1.tlog
g:\onedrive\documenten\visual studio 2017\projects\air engine\dependencies\assimp\bin\code\assimp.dir\debug\assimp.tlog\link.command.1.tlog
g:\onedrive\documenten\visual studio 2017\projects\air engine\dependencies\assimp\bin\code\assimp.dir\debug\assimp.tlog\link.read.1.tlog
g:\onedrive\documenten\visual studio 2017\projects\air engine\dependencies\assimp\bin\code\assimp.dir\debug\assimp.tlog\link.write.1.tlog
