g:\onedrive\documenten\visual studio 2017\projects\air engine\air engine\release\vc141.pdb
g:\onedrive\documenten\visual studio 2017\projects\air engine\air engine\release\glad.obj
g:\onedrive\documenten\visual studio 2017\projects\air engine\air engine\release\vector4f.obj
g:\onedrive\documenten\visual studio 2017\projects\air engine\air engine\release\vector3f.obj
g:\onedrive\documenten\visual studio 2017\projects\air engine\air engine\release\vector2f.obj
g:\onedrive\documenten\visual studio 2017\projects\air engine\air engine\release\matrix4f.obj
g:\onedrive\documenten\visual studio 2017\projects\air engine\air engine\release\main.obj
g:\onedrive\documenten\visual studio 2017\projects\air engine\air engine\release\inputhandler.obj
g:\onedrive\documenten\visual studio 2017\projects\air engine\air engine\release\file.obj
g:\onedrive\documenten\visual studio 2017\projects\air engine\air engine\release\window.obj
g:\onedrive\documenten\visual studio 2017\projects\air engine\air engine\release\texture.obj
g:\onedrive\documenten\visual studio 2017\projects\air engine\air engine\release\simplerenderer.obj
g:\onedrive\documenten\visual studio 2017\projects\air engine\air engine\release\vertexarray.obj
g:\onedrive\documenten\visual studio 2017\projects\air engine\air engine\release\renderbuffer.obj
g:\onedrive\documenten\visual studio 2017\projects\air engine\air engine\release\framebuffer.obj
g:\onedrive\documenten\visual studio 2017\projects\air engine\air engine\release\bufferobject.obj
g:\onedrive\documenten\visual studio 2017\projects\air engine\air engine\release\buffer.obj
g:\onedrive\documenten\visual studio 2017\projects\air engine\air engine\release\air engine.tlog\cl.command.1.tlog
g:\onedrive\documenten\visual studio 2017\projects\air engine\air engine\release\air engine.tlog\cl.read.1.tlog
g:\onedrive\documenten\visual studio 2017\projects\air engine\air engine\release\air engine.tlog\cl.write.1.tlog
