g:\onedrive\documenten\visual studio 2017\projects\air engine\dependencies\assimp\bin\contrib\zlib\zlibstatic.dir\debug\compress.obj
g:\onedrive\documenten\visual studio 2017\projects\air engine\dependencies\assimp\bin\contrib\zlib\zlibstatic.dir\debug\gzclose.obj
g:\onedrive\documenten\visual studio 2017\projects\air engine\dependencies\assimp\bin\contrib\zlib\zlibstatic.dir\debug\inflate.obj
g:\onedrive\documenten\visual studio 2017\projects\air engine\dependencies\assimp\bin\contrib\zlib\zlibstatic.dir\debug\inffast.obj
g:\onedrive\documenten\visual studio 2017\projects\air engine\dependencies\assimp\bin\contrib\zlib\zlibstatic.dir\debug\crc32.obj
g:\onedrive\documenten\visual studio 2017\projects\air engine\dependencies\assimp\bin\contrib\zlib\zlibstatic.dir\debug\gzread.obj
g:\onedrive\documenten\visual studio 2017\projects\air engine\dependencies\assimp\bin\contrib\zlib\zlibstatic.dir\debug\inftrees.obj
g:\onedrive\documenten\visual studio 2017\projects\air engine\dependencies\assimp\bin\contrib\zlib\zlibstatic.dir\debug\zutil.obj
g:\onedrive\documenten\visual studio 2017\projects\air engine\dependencies\assimp\bin\contrib\zlib\zlibstatic.dir\debug\adler32.obj
g:\onedrive\documenten\visual studio 2017\projects\air engine\dependencies\assimp\bin\contrib\zlib\zlibstatic.dir\debug\gzlib.obj
g:\onedrive\documenten\visual studio 2017\projects\air engine\dependencies\assimp\bin\contrib\zlib\zlibstatic.dir\debug\infback.obj
g:\onedrive\documenten\visual studio 2017\projects\air engine\dependencies\assimp\bin\contrib\zlib\zlibstatic.dir\debug\uncompr.obj
g:\onedrive\documenten\visual studio 2017\projects\air engine\dependencies\assimp\bin\contrib\zlib\zlibstatic.dir\debug\deflate.obj
g:\onedrive\documenten\visual studio 2017\projects\air engine\dependencies\assimp\bin\contrib\zlib\zlibstatic.dir\debug\gzwrite.obj
g:\onedrive\documenten\visual studio 2017\projects\air engine\dependencies\assimp\bin\contrib\zlib\zlibstatic.dir\debug\trees.obj
g:\onedrive\documenten\visual studio 2017\projects\air engine\dependencies\assimp\bin\contrib\zlib\zlibstatic.dir\debug\zlibstatic.pdb
g:\onedrive\documenten\visual studio 2017\projects\air engine\dependencies\assimp\bin\contrib\zlib\cmakefiles\generate.stamp
g:\onedrive\documenten\visual studio 2017\projects\air engine\dependencies\assimp\bin\contrib\zlib\debug\zlibstaticd.lib
g:\onedrive\documenten\visual studio 2017\projects\air engine\dependencies\assimp\bin\contrib\zlib\zlibstatic.dir\debug\zlibstatic.tlog\cl.command.1.tlog
g:\onedrive\documenten\visual studio 2017\projects\air engine\dependencies\assimp\bin\contrib\zlib\zlibstatic.dir\debug\zlibstatic.tlog\cl.read.1.tlog
g:\onedrive\documenten\visual studio 2017\projects\air engine\dependencies\assimp\bin\contrib\zlib\zlibstatic.dir\debug\zlibstatic.tlog\cl.write.1.tlog
g:\onedrive\documenten\visual studio 2017\projects\air engine\dependencies\assimp\bin\contrib\zlib\zlibstatic.dir\debug\zlibstatic.tlog\custombuild.command.1.tlog
g:\onedrive\documenten\visual studio 2017\projects\air engine\dependencies\assimp\bin\contrib\zlib\zlibstatic.dir\debug\zlibstatic.tlog\custombuild.read.1.tlog
g:\onedrive\documenten\visual studio 2017\projects\air engine\dependencies\assimp\bin\contrib\zlib\zlibstatic.dir\debug\zlibstatic.tlog\custombuild.write.1.tlog
g:\onedrive\documenten\visual studio 2017\projects\air engine\dependencies\assimp\bin\contrib\zlib\zlibstatic.dir\debug\zlibstatic.tlog\lib-link.read.1.tlog
g:\onedrive\documenten\visual studio 2017\projects\air engine\dependencies\assimp\bin\contrib\zlib\zlibstatic.dir\debug\zlibstatic.tlog\lib-link.write.1.tlog
g:\onedrive\documenten\visual studio 2017\projects\air engine\dependencies\assimp\bin\contrib\zlib\zlibstatic.dir\debug\zlibstatic.tlog\lib.command.1.tlog
